Library/PramData/AndroidApplicationController/Cache/com.DefaultCompany.Mediapipe/gradle-project/launcher/build/intermediates/manifest_merge_blame_file/debug/manifest-merger-blame-debug-report.txt
1<?xml version="1.0" encoding="utf-8"?>
2<manifest xmlns:android="http://schemas.android.com/apk/res/android"
3    package="com.DefaultCompany.Mediapipe"
4    android:installLocation="preferExternal"
5    android:versionCode="1"
6    android:versionName="0.1" >
7
8    <uses-sdk
9        android:minSdkVersion="24"
9-->src\main\AndroidManifest.xml
10        android:targetSdkVersion="33" />
10-->src\main\AndroidManifest.xml
11
12    <supports-screens
12-->src\main\AndroidManifest.xml:4:3-163
13        android:anyDensity="true"
13-->src\main\AndroidManifest.xml:4:135-160
14        android:largeScreens="true"
14-->src\main\AndroidManifest.xml:4:78-105
15        android:normalScreens="true"
15-->src\main\AndroidManifest.xml:4:49-77
16        android:smallScreens="true"
16-->src\main\AndroidManifest.xml:4:21-48
17        android:xlargeScreens="true" />
17-->src\main\AndroidManifest.xml:4:106-134
18
19    <uses-permission android:name="android.permission.CAMERA" />
19-->[:unityLibrary] AndroidManifest.xml:10:5-65
19-->[:unityLibrary] AndroidManifest.xml:10:22-62
20    <uses-permission android:name="android.permission.INTERNET" />
20-->[:unityLibrary] AndroidManifest.xml:11:5-67
20-->[:unityLibrary] AndroidManifest.xml:11:22-64
21
22    <uses-feature
22-->[:unityLibrary] AndroidManifest.xml:13:5-15:36
23        android:name="android.hardware.camera"
23-->[:unityLibrary] AndroidManifest.xml:14:9-47
24        android:required="false" />
24-->[:unityLibrary] AndroidManifest.xml:15:9-33
25    <uses-feature android:glEsVersion="0x00030000" />
25-->[:unityLibrary] AndroidManifest.xml:16:5-54
25-->[:unityLibrary] AndroidManifest.xml:16:19-51
26    <uses-feature
26-->[:unityLibrary] AndroidManifest.xml:17:5-19:36
27        android:name="android.hardware.vulkan.version"
27-->[:unityLibrary] AndroidManifest.xml:18:9-55
28        android:required="false" />
28-->[:unityLibrary] AndroidManifest.xml:19:9-33
29    <uses-feature
29-->[:unityLibrary] AndroidManifest.xml:20:5-22:36
30        android:name="android.hardware.camera.autofocus"
30-->[:unityLibrary] AndroidManifest.xml:21:9-57
31        android:required="false" />
31-->[:unityLibrary] AndroidManifest.xml:22:9-33
32    <uses-feature
32-->[:unityLibrary] AndroidManifest.xml:23:5-25:36
33        android:name="android.hardware.camera.front"
33-->[:unityLibrary] AndroidManifest.xml:24:9-53
34        android:required="false" />
34-->[:unityLibrary] AndroidManifest.xml:25:9-33
35    <uses-feature
35-->[:unityLibrary] AndroidManifest.xml:26:5-28:36
36        android:name="android.hardware.touchscreen"
36-->[:unityLibrary] AndroidManifest.xml:27:9-52
37        android:required="false" />
37-->[:unityLibrary] AndroidManifest.xml:28:9-33
38    <uses-feature
38-->[:unityLibrary] AndroidManifest.xml:29:5-31:36
39        android:name="android.hardware.touchscreen.multitouch"
39-->[:unityLibrary] AndroidManifest.xml:30:9-63
40        android:required="false" />
40-->[:unityLibrary] AndroidManifest.xml:31:9-33
41    <uses-feature
41-->[:unityLibrary] AndroidManifest.xml:32:5-34:36
42        android:name="android.hardware.touchscreen.multitouch.distinct"
42-->[:unityLibrary] AndroidManifest.xml:33:9-72
43        android:required="false" />
43-->[:unityLibrary] AndroidManifest.xml:34:9-33
44
45    <application
45-->src\main\AndroidManifest.xml:3:3-83
46        android:debuggable="true"
47        android:extractNativeLibs="true"
47-->[:unityLibrary] AndroidManifest.xml:36:18-50
48        android:icon="@mipmap/app_icon"
48-->src\main\AndroidManifest.xml:3:49-80
49        android:label="@string/app_name" >
49-->src\main\AndroidManifest.xml:3:16-48
50        <meta-data
50-->[:unityLibrary] AndroidManifest.xml:37:9-39:33
51            android:name="unity.splash-mode"
51-->[:unityLibrary] AndroidManifest.xml:38:13-45
52            android:value="0" />
52-->[:unityLibrary] AndroidManifest.xml:39:13-30
53        <meta-data
53-->[:unityLibrary] AndroidManifest.xml:40:9-42:36
54            android:name="unity.splash-enable"
54-->[:unityLibrary] AndroidManifest.xml:41:13-47
55            android:value="True" />
55-->[:unityLibrary] AndroidManifest.xml:42:13-33
56        <meta-data
56-->[:unityLibrary] AndroidManifest.xml:43:9-45:36
57            android:name="unity.launch-fullscreen"
57-->[:unityLibrary] AndroidManifest.xml:44:13-51
58            android:value="True" />
58-->[:unityLibrary] AndroidManifest.xml:45:13-33
59        <meta-data
59-->[:unityLibrary] AndroidManifest.xml:46:9-48:37
60            android:name="unity.allow-resizable-window"
60-->[:unityLibrary] AndroidManifest.xml:47:13-56
61            android:value="False" />
61-->[:unityLibrary] AndroidManifest.xml:48:13-34
62        <meta-data
62-->[:unityLibrary] AndroidManifest.xml:49:9-51:50
63            android:name="notch.config"
63-->[:unityLibrary] AndroidManifest.xml:50:13-40
64            android:value="portrait|landscape" />
64-->[:unityLibrary] AndroidManifest.xml:51:13-47
65        <meta-data
65-->[:unityLibrary] AndroidManifest.xml:52:9-54:36
66            android:name="unity.auto-report-fully-drawn"
66-->[:unityLibrary] AndroidManifest.xml:53:13-57
67            android:value="true" />
67-->[:unityLibrary] AndroidManifest.xml:54:13-33
68
69        <activity
69-->[:unityLibrary] AndroidManifest.xml:56:9-77:20
70            android:name="com.unity3d.player.UnityPlayerActivity"
70-->[:unityLibrary] AndroidManifest.xml:57:13-66
71            android:configChanges="mcc|mnc|locale|touchscreen|keyboard|keyboardHidden|navigation|orientation|screenLayout|uiMode|screenSize|smallestScreenSize|fontScale|layoutDirection|density"
71-->[:unityLibrary] AndroidManifest.xml:58:13-194
72            android:exported="true"
72-->[:unityLibrary] AndroidManifest.xml:59:13-36
73            android:hardwareAccelerated="false"
73-->[:unityLibrary] AndroidManifest.xml:60:13-48
74            android:launchMode="singleTask"
74-->[:unityLibrary] AndroidManifest.xml:61:13-44
75            android:resizeableActivity="false"
75-->[:unityLibrary] AndroidManifest.xml:62:13-47
76            android:screenOrientation="fullUser"
76-->[:unityLibrary] AndroidManifest.xml:63:13-49
77            android:theme="@style/UnityThemeSelector" >
77-->[:unityLibrary] AndroidManifest.xml:64:13-54
78            <intent-filter>
78-->[:unityLibrary] AndroidManifest.xml:65:13-69:29
79                <category android:name="android.intent.category.LAUNCHER" />
79-->[:unityLibrary] AndroidManifest.xml:66:17-77
79-->[:unityLibrary] AndroidManifest.xml:66:27-74
80
81                <action android:name="android.intent.action.MAIN" />
81-->[:unityLibrary] AndroidManifest.xml:68:17-69
81-->[:unityLibrary] AndroidManifest.xml:68:25-66
82            </intent-filter>
83
84            <meta-data
84-->[:unityLibrary] AndroidManifest.xml:71:13-73:40
85                android:name="unityplayer.UnityActivity"
85-->[:unityLibrary] AndroidManifest.xml:72:17-57
86                android:value="true" />
86-->[:unityLibrary] AndroidManifest.xml:73:17-37
87            <meta-data
87-->[:unityLibrary] AndroidManifest.xml:74:13-76:40
88                android:name="notch_support"
88-->[:unityLibrary] AndroidManifest.xml:75:17-45
89                android:value="true" />
89-->[:unityLibrary] AndroidManifest.xml:76:17-37
90        </activity>
91    </application>
92
93</manifest>